GC Precious Log:
 CPUs: 4 total, 4 available
 Memory: 3930M
 Large Page Support: Disabled
 NUMA Support: Disabled
 Compressed Oops: Enabled (32-bit)
 Heap Region Size: 1M
 Heap Min Capacity: 8M
 Heap Initial Capacity: 62M
 Heap Max Capacity: 984M
 Pre-touch: Disabled
 Parallel Workers: 4
 Concurrent Workers: 1
 Concurrent Refinement Workers: 4
 Periodic GC: Disabled
Heap:
 garbage-first heap   total 75776K, used 51272K [0x00000000c2800000, 0x0000000100000000)
  region size 1024K, 40 young (40960K), 2 survivors (2048K)
 Metaspace       used 35453K, committed 35776K, reserved 1081344K
  class space    used 4510K, committed 4672K, reserved 1048576K
GC Heap History (18 events):
Event: 1.868 GC heap before
{Heap before GC invocations=0 (full 0):
 garbage-first heap   total 63488K, used 14336K [0x00000000c2800000, 0x0000000100000000)
  region size 1024K, 13 young (13312K), 0 survivors (0K)
 Metaspace       used 12684K, committed 12864K, reserved 1064960K
  class space    used 1286K, committed 1408K, reserved 1048576K
}
Event: 1.875 GC heap after
{Heap after GC invocations=1 (full 0):
 garbage-first heap   total 63488K, used 7028K [0x00000000c2800000, 0x0000000100000000)
  region size 1024K, 2 young (2048K), 2 survivors (2048K)
 Metaspace       used 12684K, committed 12864K, reserved 1064960K
  class space    used 1286K, committed 1408K, reserved 1048576K
}
Event: 2.265 GC heap before
{Heap before GC invocations=1 (full 0):
 garbage-first heap   total 63488K, used 14196K [0x00000000c2800000, 0x0000000100000000)
  region size 1024K, 9 young (9216K), 2 survivors (2048K)
 Metaspace       used 15172K, committed 15360K, reserved 1064960K
  class space    used 1594K, committed 1728K, reserved 1048576K
}
Event: 2.270 GC heap after
{Heap after GC invocations=2 (full 0):
 garbage-first heap   total 63488K, used 8289K [0x00000000c2800000, 0x0000000100000000)
  region size 1024K, 2 young (2048K), 2 survivors (2048K)
 Metaspace       used 15172K, committed 15360K, reserved 1064960K
  class space    used 1594K, committed 1728K, reserved 1048576K
}
Event: 3.066 GC heap before
{Heap before GC invocations=2 (full 0):
 garbage-first heap   total 63488K, used 25697K [0x00000000c2800000, 0x0000000100000000)
  region size 1024K, 20 young (20480K), 2 survivors (2048K)
 Metaspace       used 18828K, committed 19072K, reserved 1073152K
  class space    used 2107K, committed 2240K, reserved 1048576K
}
Event: 3.070 GC heap after
{Heap after GC invocations=3 (full 0):
 garbage-first heap   total 63488K, used 9418K [0x00000000c2800000, 0x0000000100000000)
  region size 1024K, 3 young (3072K), 3 survivors (3072K)
 Metaspace       used 18828K, committed 19072K, reserved 1073152K
  class space    used 2107K, committed 2240K, reserved 1048576K
}
Event: 3.240 GC heap before
{Heap before GC invocations=3 (full 0):
 garbage-first heap   total 63488K, used 19658K [0x00000000c2800000, 0x0000000100000000)
  region size 1024K, 14 young (14336K), 3 survivors (3072K)
 Metaspace       used 21284K, committed 21504K, reserved 1073152K
  class space    used 2477K, committed 2560K, reserved 1048576K
}
Event: 3.247 GC heap after
{Heap after GC invocations=4 (full 0):
 garbage-first heap   total 63488K, used 9944K [0x00000000c2800000, 0x0000000100000000)
  region size 1024K, 2 young (2048K), 2 survivors (2048K)
 Metaspace       used 21284K, committed 21504K, reserved 1073152K
  class space    used 2477K, committed 2560K, reserved 1048576K
}
Event: 3.574 GC heap before
{Heap before GC invocations=5 (full 0):
 garbage-first heap   total 37888K, used 28376K [0x00000000c2800000, 0x0000000100000000)
  region size 1024K, 22 young (22528K), 2 survivors (2048K)
 Metaspace       used 24914K, committed 25216K, reserved 1073152K
  class space    used 3084K, committed 3200K, reserved 1048576K
}
Event: 3.577 GC heap after
{Heap after GC invocations=6 (full 0):
 garbage-first heap   total 37888K, used 11167K [0x00000000c2800000, 0x0000000100000000)
  region size 1024K, 3 young (3072K), 3 survivors (3072K)
 Metaspace       used 24914K, committed 25216K, reserved 1073152K
  class space    used 3084K, committed 3200K, reserved 1048576K
}
Event: 3.588 GC heap before
{Heap before GC invocations=6 (full 0):
 garbage-first heap   total 37888K, used 12191K [0x00000000c2800000, 0x0000000100000000)
  region size 1024K, 4 young (4096K), 3 survivors (3072K)
 Metaspace       used 25053K, committed 25344K, reserved 1073152K
  class space    used 3094K, committed 3200K, reserved 1048576K
}
Event: 3.593 GC heap after
{Heap after GC invocations=7 (full 0):
 garbage-first heap   total 37888K, used 11406K [0x00000000c2800000, 0x0000000100000000)
  region size 1024K, 1 young (1024K), 1 survivors (1024K)
 Metaspace       used 25053K, committed 25344K, reserved 1073152K
  class space    used 3094K, committed 3200K, reserved 1048576K
}
Event: 3.944 GC heap before
{Heap before GC invocations=7 (full 0):
 garbage-first heap   total 37888K, used 23694K [0x00000000c2800000, 0x0000000100000000)
  region size 1024K, 14 young (14336K), 1 survivors (1024K)
 Metaspace       used 27658K, committed 27968K, reserved 1081344K
  class space    used 3353K, committed 3520K, reserved 1048576K
}
Event: 3.946 GC heap after
{Heap after GC invocations=8 (full 0):
 garbage-first heap   total 37888K, used 11745K [0x00000000c2800000, 0x0000000100000000)
  region size 1024K, 1 young (1024K), 1 survivors (1024K)
 Metaspace       used 27658K, committed 27968K, reserved 1081344K
  class space    used 3353K, committed 3520K, reserved 1048576K
}
Event: 4.117 GC heap before
{Heap before GC invocations=8 (full 0):
 garbage-first heap   total 37888K, used 25057K [0x00000000c2800000, 0x0000000100000000)
  region size 1024K, 15 young (15360K), 1 survivors (1024K)
 Metaspace       used 29753K, committed 30080K, reserved 1081344K
  class space    used 3656K, committed 3840K, reserved 1048576K
}
Event: 4.119 GC heap after
{Heap after GC invocations=9 (full 0):
 garbage-first heap   total 37888K, used 12675K [0x00000000c2800000, 0x0000000100000000)
  region size 1024K, 2 young (2048K), 2 survivors (2048K)
 Metaspace       used 29753K, committed 30080K, reserved 1081344K
  class space    used 3656K, committed 3840K, reserved 1048576K
}
Event: 4.449 GC heap before
{Heap before GC invocations=9 (full 0):
 garbage-first heap   total 37888K, used 25987K [0x00000000c2800000, 0x0000000100000000)
  region size 1024K, 16 young (16384K), 2 survivors (2048K)
 Metaspace       used 30463K, committed 30720K, reserved 1081344K
  class space    used 3774K, committed 3904K, reserved 1048576K
}
Event: 4.451 GC heap after
{Heap after GC invocations=10 (full 0):
 garbage-first heap   total 75776K, used 13384K [0x00000000c2800000, 0x0000000100000000)
  region size 1024K, 2 young (2048K), 2 survivors (2048K)
 Metaspace       used 30463K, committed 30720K, reserved 1081344K
  class space    used 3774K, committed 3904K, reserved 1048576K
}

